<?xml version="1.0" encoding="UTF-8"?>
<!-- Generated by org.testng.reporters.JUnitReportReporter -->
<testsuite hostname="DESKTOP-QPCK8II" failures="0" tests="4" name="api.Test.UserTestclass" time="12.710" errors="0" timestamp="2024-06-24T18:35:23 IST" skipped="0">
  <testcase classname="api.Test.UserTestclass" name="Test_createUser" time="6.862"/>
  <testcase classname="api.Test.UserTestclass" name="Test_GetUser" time="1.523"/>
  <testcase classname="api.Test.UserTestclass" name="Test_UpdateUser" time="2.916"/>
  <testcase classname="api.Test.UserTestclass" name="Test_DeleteUser" time="1.409"/>
</testsuite> <!-- api.Test.UserTestclass -->
