<?xml version="1.0" encoding="UTF-8"?>
<!-- Generated by org.testng.reporters.JUnitReportReporter -->
<testsuite hostname="DESKTOP-QPCK8II" failures="0" tests="4" name="api.Test.UserTestclass2" time="7.083" errors="0" timestamp="2024-06-24T18:35:23 IST" skipped="0">
  <testcase classname="api.Test.UserTestclass2" name="Test_createUser" time="1.381"/>
  <testcase classname="api.Test.UserTestclass2" name="Test_GetUser" time="1.390"/>
  <testcase classname="api.Test.UserTestclass2" name="Test_UpdateUser" time="2.942"/>
  <testcase classname="api.Test.UserTestclass2" name="Test_DeleteUser" time="1.370"/>
</testsuite> <!-- api.Test.UserTestclass2 -->
