<?xml version="1.0" encoding="UTF-8"?>
<!-- Generated by org.testng.reporters.JUnitReportReporter -->
<testsuite hostname="DESKTOP-QPCK8II" failures="0" tests="6" name="api.Test.DataDrivenTest" time="8.507" errors="0" timestamp="2024-06-24T18:35:23 IST" skipped="0">
  <testcase classname="api.Test.DataDrivenTest" name="test_POST_User" time="1.384"/>
  <testcase classname="api.Test.DataDrivenTest" name="test_POST_User" time="1.399"/>
  <testcase classname="api.Test.DataDrivenTest" name="test_POST_User" time="1.412"/>
  <testcase classname="api.Test.DataDrivenTest" name="test_DELEE_UserByUserName" time="1.501"/>
  <testcase classname="api.Test.DataDrivenTest" name="test_DELEE_UserByUserName" time="1.451"/>
  <testcase classname="api.Test.DataDrivenTest" name="test_DELEE_UserByUserName" time="1.360"/>
</testsuite> <!-- api.Test.DataDrivenTest -->
