<?xml version="1.0" encoding="UTF-8"?>
<!-- Generated by org.testng.reporters.JUnitReportReporter -->
<testsuite hostname="DESKTOP-QPCK8II" failures="0" tests="4" name="api.Test.UserTest" time="13.816" errors="0" timestamp="2024-06-24T22:44:54 IST" skipped="0">
  <testcase classname="api.Test.UserTest" name="test_createUser" time="7.977"/>
  <testcase classname="api.Test.UserTest" name="test_GetUser" time="1.518"/>
  <testcase classname="api.Test.UserTest" name="test_UpdateUser" time="2.916"/>
  <testcase classname="api.Test.UserTest" name="test_DeleteUser" time="1.405"/>
</testsuite> <!-- api.Test.UserTest -->
