<?xml version="1.0" encoding="UTF-8"?>
<!-- Generated by org.testng.reporters.JUnitReportReporter -->
<testsuite hostname="DESKTOP-QPCK8II" failures="0" tests="12" name="api.Test.DataDrivenTest" time="16.560" errors="0" timestamp="2024-06-24T22:44:54 IST" skipped="0">
  <testcase classname="api.Test.DataDrivenTest" name="test_POST_User" time="1.543"/>
  <testcase classname="api.Test.DataDrivenTest" name="test_POST_User" time="1.377"/>
  <testcase classname="api.Test.DataDrivenTest" name="test_POST_User" time="1.367"/>
  <testcase classname="api.Test.DataDrivenTest" name="test_POST_User" time="1.356"/>
  <testcase classname="api.Test.DataDrivenTest" name="test_POST_User" time="1.377"/>
  <testcase classname="api.Test.DataDrivenTest" name="test_POST_User" time="1.362"/>
  <testcase classname="api.Test.DataDrivenTest" name="test_DELEE_UserByUserName" time="1.326"/>
  <testcase classname="api.Test.DataDrivenTest" name="test_DELEE_UserByUserName" time="1.376"/>
  <testcase classname="api.Test.DataDrivenTest" name="test_DELEE_UserByUserName" time="1.367"/>
  <testcase classname="api.Test.DataDrivenTest" name="test_DELEE_UserByUserName" time="1.364"/>
  <testcase classname="api.Test.DataDrivenTest" name="test_DELEE_UserByUserName" time="1.361"/>
  <testcase classname="api.Test.DataDrivenTest" name="test_DELEE_UserByUserName" time="1.384"/>
</testsuite> <!-- api.Test.DataDrivenTest -->
