<?xml version="1.0" encoding="UTF-8"?>
<!-- Generated by org.testng.reporters.JUnitReportReporter -->
<testsuite hostname="DESKTOP-QPCK8II" failures="0" tests="4" name="api.Test.User2Test" time="7.064" errors="0" timestamp="2024-06-24T22:44:54 IST" skipped="0">
  <testcase classname="api.Test.User2Test" name="test_createUser" time="1.421"/>
  <testcase classname="api.Test.User2Test" name="test_GetUser" time="1.387"/>
  <testcase classname="api.Test.User2Test" name="test_UpdateUser" time="2.840"/>
  <testcase classname="api.Test.User2Test" name="test_DeleteUser" time="1.416"/>
</testsuite> <!-- api.Test.User2Test -->
